src-tauri/plugins/folder-import/android/build/intermediates/manifest_merge_blame_file/debug/processDebugManifest/manifest-merger-blame-debug-report.txt
1<?xml version="1.0" encoding="utf-8"?>
2<manifest xmlns:android="http://schemas.android.com/apk/res/android"
3    package="com.incrementum.folderimport" >
4
5    <uses-sdk android:minSdkVersion="24" />
6    <!--
7      No special permissions required: we use the Storage Access Framework
8      (ACTION_OPEN_DOCUMENT_TREE), which grants scoped access to the user's
9      chosen folder without MANAGE_EXTERNAL_STORAGE. Staged copies land in the
10      app's private filesDir.
11    -->
12    <application />
12-->src/main/AndroidManifest.xml:9:5-20
13
14</manifest>